# JRE version: OpenJDK Runtime Environment (8.0_242-b01) (build 1.8.0_242-release-1644-b01)
# Java VM: OpenJDK 64-Bit Server VM (25.242-b01 mixed mode windows-amd64 compressed oops)
Heap:
 PSYoungGen      total 73216K, used 44317K [0x00000000d5580000, 0x00000000dcb00000, 0x0000000100000000)
  eden space 62464K, 56% used [0x00000000d5580000,0x00000000d77c8cd0,0x00000000d9280000)
  from space 10752K, 85% used [0x00000000d9280000,0x00000000d9b7ea70,0x00000000d9d00000)
  to   space 11776K, 0% used [0x00000000dbf80000,0x00000000dbf80000,0x00000000dcb00000)
 ParOldGen       total 46080K, used 6670K [0x0000000080000000, 0x0000000082d00000, 0x00000000d5580000)
  object space 46080K, 14% used [0x0000000080000000,0x0000000080683b78,0x0000000082d00000)
 Metaspace       used 32997K, capacity 34082K, committed 34224K, reserved 1079296K
  class space    used 4500K, capacity 4758K, committed 4784K, reserved 1048576K
GC Heap History (10 events):
Event: 16.517 GC heap before
{Heap before GC invocations=6 (full 0):
 PSYoungGen      total 37888K, used 37872K [0x00000000d5580000, 0x00000000d8980000, 0x0000000100000000)
  eden space 32768K, 100% used [0x00000000d5580000,0x00000000d7580000,0x00000000d7580000)
  from space 5120K, 99% used [0x00000000d7600000,0x00000000d7afc010,0x00000000d7b00000)
  to   space 10240K, 0% used [0x00000000d7f80000,0x00000000d7f80000,0x00000000d8980000)
 ParOldGen       total 87552K, used 6581K [0x0000000080000000, 0x0000000085580000, 0x00000000d5580000)
  object space 87552K, 7% used [0x0000000080000000,0x000000008066d470,0x0000000085580000)
 Metaspace       used 20551K, capacity 21192K, committed 21248K, reserved 1067008K
  class space    used 2866K, capacity 3044K, committed 3072K, reserved 1048576K
Event: 16.533 GC heap after
Heap after GC invocations=6 (full 0):
 PSYoungGen      total 42496K, used 8491K [0x00000000d5580000, 0x00000000d8a00000, 0x0000000100000000)
  eden space 32256K, 0% used [0x00000000d5580000,0x00000000d5580000,0x00000000d7500000)
  from space 10240K, 82% used [0x00000000d7f80000,0x00000000d87cad40,0x00000000d8980000)
  to   space 10752K, 0% used [0x00000000d7500000,0x00000000d7500000,0x00000000d7f80000)
 ParOldGen       total 87552K, used 6589K [0x0000000080000000, 0x0000000085580000, 0x00000000d5580000)
  object space 87552K, 7% used [0x0000000080000000,0x000000008066f470,0x0000000085580000)
 Metaspace       used 20551K, capacity 21192K, committed 21248K, reserved 1067008K
  class space    used 2866K, capacity 3044K, committed 3072K, reserved 1048576K
}
Event: 16.549 GC heap before
{Heap before GC invocations=7 (full 0):
 PSYoungGen      total 42496K, used 9502K [0x00000000d5580000, 0x00000000d8a00000, 0x0000000100000000)
  eden space 32256K, 3% used [0x00000000d5580000,0x00000000d567cd38,0x00000000d7500000)
  from space 10240K, 82% used [0x00000000d7f80000,0x00000000d87cad40,0x00000000d8980000)
  to   space 10752K, 0% used [0x00000000d7500000,0x00000000d7500000,0x00000000d7f80000)
 ParOldGen       total 87552K, used 6589K [0x0000000080000000, 0x0000000085580000, 0x00000000d5580000)
  object space 87552K, 7% used [0x0000000080000000,0x000000008066f470,0x0000000085580000)
 Metaspace       used 20594K, capacity 21224K, committed 21296K, reserved 1067008K
  class space    used 2873K, capacity 3076K, committed 3120K, reserved 1048576K
Event: 16.563 GC heap after
Heap after GC invocations=7 (full 0):
 PSYoungGen      total 43008K, used 3712K [0x00000000d5580000, 0x00000000da980000, 0x0000000100000000)
  eden space 32256K, 0% used [0x00000000d5580000,0x00000000d5580000,0x00000000d7500000)
  from space 10752K, 34% used [0x00000000d7500000,0x00000000d78a0030,0x00000000d7f80000)
  to   space 10752K, 0% used [0x00000000d9f00000,0x00000000d9f00000,0x00000000da980000)
 ParOldGen       total 87552K, used 8853K [0x0000000080000000, 0x0000000085580000, 0x00000000d5580000)
  object space 87552K, 10% used [0x0000000080000000,0x00000000808a54c0,0x0000000085580000)
 Metaspace       used 20594K, capacity 21224K, committed 21296K, reserved 1067008K
  class space    used 2873K, capacity 3076K, committed 3120K, reserved 1048576K
}
Event: 16.563 GC heap before
{Heap before GC invocations=8 (full 1):
 PSYoungGen      total 43008K, used 3712K [0x00000000d5580000, 0x00000000da980000, 0x0000000100000000)
  eden space 32256K, 0% used [0x00000000d5580000,0x00000000d5580000,0x00000000d7500000)
  from space 10752K, 34% used [0x00000000d7500000,0x00000000d78a0030,0x00000000d7f80000)
  to   space 10752K, 0% used [0x00000000d9f00000,0x00000000d9f00000,0x00000000da980000)
 ParOldGen       total 87552K, used 8853K [0x0000000080000000, 0x0000000085580000, 0x00000000d5580000)
  object space 87552K, 10% used [0x0000000080000000,0x00000000808a54c0,0x0000000085580000)
 Metaspace       used 20594K, capacity 21224K, committed 21296K, reserved 1067008K
  class space    used 2873K, capacity 3076K, committed 3120K, reserved 1048576K
Event: 16.688 GC heap after
Heap after GC invocations=8 (full 1):
 PSYoungGen      total 43008K, used 0K [0x00000000d5580000, 0x00000000da980000, 0x0000000100000000)
  eden space 32256K, 0% used [0x00000000d5580000,0x00000000d5580000,0x00000000d7500000)
  from space 10752K, 0% used [0x00000000d7500000,0x00000000d7500000,0x00000000d7f80000)
  to   space 10752K, 0% used [0x00000000d9f00000,0x00000000d9f00000,0x00000000da980000)
 ParOldGen       total 46080K, used 6654K [0x0000000080000000, 0x0000000082d00000, 0x00000000d5580000)
  object space 46080K, 14% used [0x0000000080000000,0x000000008067fb78,0x0000000082d00000)
 Metaspace       used 20594K, capacity 21224K, committed 21296K, reserved 1067008K
  class space    used 2873K, capacity 3076K, committed 3120K, reserved 1048576K
}
Event: 19.462 GC heap before
{Heap before GC invocations=9 (full 1):
 PSYoungGen      total 43008K, used 32256K [0x00000000d5580000, 0x00000000da980000, 0x0000000100000000)
  eden space 32256K, 100% used [0x00000000d5580000,0x00000000d7500000,0x00000000d7500000)
  from space 10752K, 0% used [0x00000000d7500000,0x00000000d7500000,0x00000000d7f80000)
  to   space 10752K, 0% used [0x00000000d9f00000,0x00000000d9f00000,0x00000000da980000)
 ParOldGen       total 46080K, used 6654K [0x0000000080000000, 0x0000000082d00000, 0x00000000d5580000)
  object space 46080K, 14% used [0x0000000080000000,0x000000008067fb78,0x0000000082d00000)
 Metaspace       used 22942K, capacity 23756K, committed 23984K, reserved 1069056K
  class space    used 3257K, capacity 3476K, committed 3504K, reserved 1048576K
Event: 19.467 GC heap after
Heap after GC invocations=9 (full 1):
 PSYoungGen      total 71168K, used 3039K [0x00000000d5580000, 0x00000000da780000, 0x0000000100000000)
  eden space 62464K, 0% used [0x00000000d5580000,0x00000000d5580000,0x00000000d9280000)
  from space 8704K, 34% used [0x00000000d9f00000,0x00000000da1f7e68,0x00000000da780000)
  to   space 10752K, 0% used [0x00000000d9280000,0x00000000d9280000,0x00000000d9d00000)
 ParOldGen       total 46080K, used 6662K [0x0000000080000000, 0x0000000082d00000, 0x00000000d5580000)
  object space 46080K, 14% used [0x0000000080000000,0x0000000080681b78,0x0000000082d00000)
 Metaspace       used 22942K, capacity 23756K, committed 23984K, reserved 1069056K
  class space    used 3257K, capacity 3476K, committed 3504K, reserved 1048576K
}
Event: 25.323 GC heap before
{Heap before GC invocations=10 (full 1):
 PSYoungGen      total 71168K, used 65503K [0x00000000d5580000, 0x00000000da780000, 0x0000000100000000)
  eden space 62464K, 100% used [0x00000000d5580000,0x00000000d9280000,0x00000000d9280000)
  from space 8704K, 34% used [0x00000000d9f00000,0x00000000da1f7e68,0x00000000da780000)
  to   space 10752K, 0% used [0x00000000d9280000,0x00000000d9280000,0x00000000d9d00000)
 ParOldGen       total 46080K, used 6662K [0x0000000080000000, 0x0000000082d00000, 0x00000000d5580000)
  object space 46080K, 14% used [0x0000000080000000,0x0000000080681b78,0x0000000082d00000)
 Metaspace       used 31320K, capacity 32250K, committed 32432K, reserved 1077248K
  class space    used 4247K, capacity 4468K, committed 4528K, reserved 1048576K
Event: 25.340 GC heap after
Heap after GC invocations=10 (full 1):
 PSYoungGen      total 73216K, used 9210K [0x00000000d5580000, 0x00000000dcb00000, 0x0000000100000000)
  eden space 62464K, 0% used [0x00000000d5580000,0x00000000d5580000,0x00000000d9280000)
  from space 10752K, 85% used [0x00000000d9280000,0x00000000d9b7ea70,0x00000000d9d00000)
  to   space 11776K, 0% used [0x00000000dbf80000,0x00000000dbf80000,0x00000000dcb00000)
 ParOldGen       total 46080K, used 6670K [0x0000000080000000, 0x0000000082d00000, 0x00000000d5580000)
  object space 46080K, 14% used [0x0000000080000000,0x0000000080683b78,0x0000000082d00000)
 Metaspace       used 31320K, capacity 32250K, committed 32432K, reserved 1077248K
  class space    used 4247K, capacity 4468K, committed 4528K, reserved 1048576K
}

